e:\database\vs2010\ts\psisi\debug\psi.pch
e:\database\vs2010\ts\psisi\debug\stdafx.obj
e:\database\vs2010\ts\psisi\debug\vc100.pdb
e:\database\vs2010\ts\psisi\debug\adjust_packet_header.obj
e:\database\vs2010\ts\psisi\debug\adjust_pat_table.obj
e:\database\vs2010\ts\psisi\debug\adjust_pmt_table.obj
e:\database\vs2010\ts\psisi\debug\adjust_sdt_table.obj
e:\database\vs2010\ts\psisi\debug\generatecrc32.obj
e:\database\vs2010\ts\psisi\debug\get_table.obj
e:\database\vs2010\ts\psisi\debug\psi.obj
e:\database\vs2010\ts\psisi\debug\get_payload.obj
e:\database\vs2010\ts\psisi\debug\analyse_pes_header.obj
d:\svn\psisi\debug\psi.pch
d:\svn\psisi\debug\stdafx.obj
d:\svn\psisi\debug\vc100.pdb
d:\svn\psisi\debug\adjust_packet_header.obj
d:\svn\psisi\debug\adjust_pmt_table.obj
d:\svn\psisi\debug\analyse_pes_header.obj
d:\svn\psisi\debug\generatecrc32.obj
d:\svn\psisi\debug\get_payload.obj
d:\svn\psisi\debug\psi.obj
d:\svn\psisi\debug\adjust_pat_table.obj
e:\database\vs2010\ts\psisi\debug\psi.ilk
e:\database\vs2010\ts\psisi\debug\psi.exe
e:\database\vs2010\ts\psisi\debug\psi.exe.intermediate.manifest
e:\database\vs2010\ts\psisi\debug\psi.pdb
d:\svn\psisi\debug\psi.ilk
d:\svn\psisi\debug\psi.exe
d:\svn\psisi\debug\psi.exe.intermediate.manifest
d:\svn\psisi\debug\psi.pdb
e:\database\vs2010\ts\psisi\debug\psi.exe.embed.manifest
d:\svn\psisi\debug\psi.exe.embed.manifest
e:\database\vs2010\ts\psisi\debug\psi.exe.embed.manifest.res
d:\svn\psisi\debug\psi.exe.embed.manifest.res
c:\users\ldw47\desktop\psisi\debug\psi.pch
c:\users\ldw47\desktop\psisi\debug\vc140.pdb
c:\users\ldw47\desktop\psisi\debug\vc140.idb
c:\users\ldw47\desktop\psisi\debug\stdafx.obj
c:\users\ldw47\desktop\psisi\debug\adjust_packet_header.obj
c:\users\ldw47\desktop\psisi\debug\adjust_pat_table.obj
c:\users\ldw47\desktop\psisi\debug\adjust_pmt_table.obj
c:\users\ldw47\desktop\psisi\debug\analyse_pes_header.obj
c:\users\ldw47\desktop\psisi\debug\generatecrc32.obj
c:\users\ldw47\desktop\psisi\debug\get_payload.obj
c:\users\ldw47\desktop\psisi\debug\psi.obj
c:\users\ldw47\desktop\psisi\debug\psi.vcxprojresolveassemblyreference.cache
c:\users\ldw47\desktop\psisi\debug\adjust_sdt_table.obj
c:\users\ldw47\desktop\psisi\debug\get_table.obj
c:\users\ldw47\desktop\psisi\debug\cl.command.1.tlog
c:\users\ldw47\desktop\psisi\debug\cl.read.1.tlog
c:\users\ldw47\desktop\psisi\debug\cl.write.1.tlog
c:\users\ldw47\desktop\psisi\debug\link-cvtres.read.1.tlog
c:\users\ldw47\desktop\psisi\debug\link-cvtres.write.1.tlog
c:\users\ldw47\desktop\psisi\debug\link.1068-cvtres.read.1.tlog
c:\users\ldw47\desktop\psisi\debug\link.1068-cvtres.write.1.tlog
c:\users\ldw47\desktop\psisi\debug\link.1068.read.1.tlog
c:\users\ldw47\desktop\psisi\debug\link.1068.write.1.tlog
c:\users\ldw47\desktop\psisi\debug\link.10816-cvtres.read.1.tlog
c:\users\ldw47\desktop\psisi\debug\link.10816-cvtres.write.1.tlog
c:\users\ldw47\desktop\psisi\debug\link.10816.read.1.tlog
c:\users\ldw47\desktop\psisi\debug\link.10816.write.1.tlog
c:\users\ldw47\desktop\psisi\debug\link.39620-cvtres.read.1.tlog
c:\users\ldw47\desktop\psisi\debug\link.39620-cvtres.write.1.tlog
c:\users\ldw47\desktop\psisi\debug\link.39620.read.1.tlog
c:\users\ldw47\desktop\psisi\debug\link.39620.write.1.tlog
c:\users\ldw47\desktop\psisi\debug\link.4892-cvtres.read.1.tlog
c:\users\ldw47\desktop\psisi\debug\link.4892-cvtres.write.1.tlog
c:\users\ldw47\desktop\psisi\debug\link.4892.read.1.tlog
c:\users\ldw47\desktop\psisi\debug\link.4892.write.1.tlog
c:\users\ldw47\desktop\psisi\debug\link.6556-cvtres.read.1.tlog
c:\users\ldw47\desktop\psisi\debug\link.6556-cvtres.write.1.tlog
c:\users\ldw47\desktop\psisi\debug\link.6556.read.1.tlog
c:\users\ldw47\desktop\psisi\debug\link.6556.write.1.tlog
c:\users\ldw47\desktop\psisi\debug\link.6900-cvtres.read.1.tlog
c:\users\ldw47\desktop\psisi\debug\link.6900-cvtres.write.1.tlog
c:\users\ldw47\desktop\psisi\debug\link.6900.read.1.tlog
c:\users\ldw47\desktop\psisi\debug\link.6900.write.1.tlog
c:\users\ldw47\desktop\psisi\debug\link.7616-cvtres.read.1.tlog
c:\users\ldw47\desktop\psisi\debug\link.7616-cvtres.write.1.tlog
c:\users\ldw47\desktop\psisi\debug\link.7616.read.1.tlog
c:\users\ldw47\desktop\psisi\debug\link.7616.write.1.tlog
c:\users\ldw47\desktop\psisi\debug\link.command.1.tlog
c:\users\ldw47\desktop\psisi\debug\link.read.1.tlog
c:\users\ldw47\desktop\psisi\debug\link.write.1.tlog
c:\users\ldw47\desktop\psisi\debug\mt.command.1.tlog
c:\users\ldw47\desktop\psisi\debug\mt.read.1.tlog
c:\users\ldw47\desktop\psisi\debug\mt.write.1.tlog
c:\users\ldw47\desktop\psisi\debug\psi.write.1.tlog
c:\users\ldw47\desktop\psisi\debug\rc.command.1.tlog
c:\users\ldw47\desktop\psisi\debug\rc.read.1.tlog
c:\users\ldw47\desktop\psisi\debug\rc.write.1.tlog
c:\users\ldw47\desktop\psisi\debug\psi.exe.embed.manifest
c:\users\ldw47\desktop\psisi\debug\psi.exe.intermediate.manifest
c:\users\ldw47\desktop\psisi\debug\psi.exe.embed.manifest.res
c:\users\ldw47\desktop\psisi\debug\vc100.idb
c:\users\ldw47\desktop\psisi\debug\psi.pdb
c:\users\ldw47\desktop\psisi\debug\vc100.pdb
c:\users\ldw47\desktop\psisi\debug\psi_manifest.rc
c:\users\ldw47\desktop\psisi\debug\psi.tlog\cl.command.1.tlog
c:\users\ldw47\desktop\psisi\debug\psi.tlog\cl.read.1.tlog
c:\users\ldw47\desktop\psisi\debug\psi.tlog\cl.write.1.tlog
c:\users\ldw47\desktop\psisi\debug\psi.tlog\link-cvtres.read.1.tlog
c:\users\ldw47\desktop\psisi\debug\psi.tlog\link-cvtres.write.1.tlog
c:\users\ldw47\desktop\psisi\debug\psi.tlog\link-rc.read.1.tlog
c:\users\ldw47\desktop\psisi\debug\psi.tlog\link-rc.write.1.tlog
c:\users\ldw47\desktop\psisi\debug\psi.tlog\link.command.1.tlog
c:\users\ldw47\desktop\psisi\debug\psi.tlog\link.read.1.tlog
c:\users\ldw47\desktop\psisi\debug\psi.tlog\link.write.1.tlog
